2024-07-04 12:31:13 [172.29.0.1][-][-][error][yii\web\HttpException:404] yii\base\InvalidRouteException: Unable to resolve the request "". in /app/vendor/yiisoft/yii2/base/Module.php:561
Stack trace:
#0 /app/vendor/yiisoft/yii2/web/Application.php(103): yii\base\Module->runAction('', Array)
#1 /app/vendor/yiisoft/yii2/base/Application.php(384): yii\web\Application->handleRequest(Object(yii\web\Request))
#2 /app/site/web/index.php(11): yii\base\Application->run()
#3 {main}

Next yii\web\NotFoundHttpException: Page not found. in /app/vendor/yiisoft/yii2/web/Application.php:115
Stack trace:
#0 /app/vendor/yiisoft/yii2/base/Application.php(384): yii\web\Application->handleRequest(Object(yii\web\Request))
#1 /app/site/web/index.php(11): yii\base\Application->run()
#2 {main}
2024-07-04 12:31:12 [172.29.0.1][-][-][info][application] $_GET = []

$_POST = []

$_FILES = []

$_COOKIE = []

$_SERVER = [
    'PHP_ENABLE_XDEBUG' => '0'
    'PHP_USER_ID' => '33'
    'HOSTNAME' => 'e33b945cfbfe'
    'PHP_VERSION' => '8.2.20'
    'PHP_INI_DIR' => '/usr/local/etc/php'
    'GPG_KEYS' => '39B641343D8C104B2B146DC3F9C39DC0B9698544 E60913E4DF209907D8E30D96659A97C9CF2A795A 1198C0117593497A5EC5C199286AF1F9897469DC'
    'PHP_LDFLAGS' => '-Wl,-O1 -pie'
    'PWD' => '/app'
    'HOME' => '/var/www'
    'PHP_SHA256' => '4474cc430febef6de7be958f2c37253e5524d5c5331a7e1765cd2d2234881e50'
    'PHPIZE_DEPS' => 'autoconf 		dpkg-dev 		file 		g++ 		gcc 		libc-dev 		make 		pkg-config 		re2c'
    'TERM' => 'linux'
    'PHP_URL' => 'https://www.php.net/distributions/php-8.2.20.tar.xz'
    'SHLVL' => '0'
    'COMPOSER_ALLOW_SUPERUSER' => '1'
    'PHP_CFLAGS' => '-fstack-protector-strong -fpic -fpie -O2 -D_LARGEFILE_SOURCE -D_FILE_OFFSET_BITS=64'
    'PATH' => '/app:/app/vendor/bin:/root/.composer/vendor/bin:/usr/local/sbin:/usr/local/bin:/usr/sbin:/usr/bin:/sbin:/bin'
    'PHP_ASC_URL' => 'https://www.php.net/distributions/php-8.2.20.tar.xz.asc'
    'PHP_CPPFLAGS' => '-fstack-protector-strong -fpic -fpie -O2 -D_LARGEFILE_SOURCE -D_FILE_OFFSET_BITS=64'
    'USER' => 'www-data'
    'HTTP_PRIORITY' => 'u=1'
    'HTTP_UPGRADE_INSECURE_REQUESTS' => '1'
    'HTTP_CONNECTION' => 'keep-alive'
    'HTTP_ACCEPT_ENCODING' => 'gzip, deflate'
    'HTTP_ACCEPT_LANGUAGE' => 'ru-RU,ru;q=0.8,en-US;q=0.5,en;q=0.3'
    'HTTP_ACCEPT' => 'text/html,application/xhtml+xml,application/xml;q=0.9,image/avif,image/webp,*/*;q=0.8'
    'HTTP_USER_AGENT' => 'Mozilla/5.0 (Windows NT 10.0; Win64; x64; rv:127.0) Gecko/20100101 Firefox/127.0'
    'HTTP_HOST' => 'task.local'
    'SCRIPT_FILENAME' => '/app/site/web/index.php'
    'REDIRECT_STATUS' => '200'
    'SERVER_NAME' => 'task.local'
    'SERVER_PORT' => '80'
    'SERVER_ADDR' => '172.29.0.4'
    'REMOTE_PORT' => '58736'
    'REMOTE_ADDR' => '172.29.0.1'
    'SERVER_SOFTWARE' => 'nginx/1.27.0'
    'GATEWAY_INTERFACE' => 'CGI/1.1'
    'REQUEST_SCHEME' => 'http'
    'SERVER_PROTOCOL' => 'HTTP/1.1'
    'DOCUMENT_ROOT' => '/app/site/web'
    'DOCUMENT_URI' => '/index.php'
    'REQUEST_URI' => '/'
    'SCRIPT_NAME' => '/index.php'
    'CONTENT_LENGTH' => ''
    'CONTENT_TYPE' => ''
    'REQUEST_METHOD' => 'GET'
    'QUERY_STRING' => ''
    'FCGI_ROLE' => 'RESPONDER'
    'PHP_SELF' => '/index.php'
    'REQUEST_TIME_FLOAT' => 1720096272.3052
    'REQUEST_TIME' => 1720096272
    'argv' => []
    'argc' => 0
    'COMPOSE_PROJECT_NAME' => 'test'
    'DOCKER_YII2_PHP_IMAGE' => 'yiisoftware/yii2-php:8.2-fpm'
    'YII_DEBUG' => '0'
    'YII_ENV' => 'prod'
    'BASIC_ENABLE' => '0'
    'BASIC_USER' => 'user'
    'BASIC_PASSWORD' => 'password'
    'SESSION_NAME' => 'PHPSESSID'
    'COOKIE_DOAMIN' => '.task.local'
    'POSTGRES_HOST' => 'postgres'
    'POSTGRES_DB' => 'postgres_yii'
    'POSTGRES_USER' => 'postgres_yii'
    'POSTGRES_PASSWORD' => 'tester_yii'
]
